<?xml version="1.0" encoding="UTF-8"?>
<testng-results skipped="0" failed="2" total="5" passed="3">
  <reporter-output>
    <line>
      <![CDATA[lastname is missing<br>]]>
    </line>
    <line>
      <![CDATA[first name is missing<br>]]>
    </line>
    <line>
      <![CDATA[Phone field is missing<br>]]>
    </line>
  </reporter-output>
  <suite name="Wikipidea Test" duration-ms="169367" started-at="2014-10-11T18:32:58Z" finished-at="2014-10-11T18:35:47Z">
    <groups>
    </groups>
    <test name="Wiki in firefox" duration-ms="169367" started-at="2014-10-11T18:32:58Z" finished-at="2014-10-11T18:35:47Z">
      <class name="com.mycompany.test.WebDriverTest">
        <test-method status="PASS" signature="openbrowser(char)[pri:0, instance:com.mycompany.test.WebDriverTest@17f6480]" name="openbrowser" is-config="true" duration-ms="23640" started-at="2014-10-11T11:32:58Z" finished-at="2014-10-11T11:33:22Z">
          <params>
            <param index="0">
              <value>
                <![CDATA[f]]>
              </value>
            </param>
          </params>
          <reporter-output>
          </reporter-output>
        </test-method> <!-- openbrowser -->
        <test-method status="PASS" signature="RegistrationTestNew(com.mycompany.DataObject.RegistrationData)[pri:0, instance:com.mycompany.test.WebDriverTest@17f6480]" name="RegistrationTestNew" duration-ms="36429" started-at="2014-10-11T11:33:22Z" data-provider="regdata" finished-at="2014-10-11T11:33:58Z">
          <params>
            <param index="0">
              <value>
                <![CDATA[com.mycompany.DataObject.RegistrationData@215394d9]]>
              </value>
            </param>
          </params>
          <reporter-output>
          </reporter-output>
        </test-method> <!-- RegistrationTestNew -->
        <test-method status="PASS" signature="closebrowser(org.testng.ITestResult)[pri:0, instance:com.mycompany.test.WebDriverTest@17f6480]" name="closebrowser" is-config="true" duration-ms="548" started-at="2014-10-11T11:33:58Z" finished-at="2014-10-11T11:33:59Z">
          <params>
            <param index="0">
              <value>
                <![CDATA[[TestResult name=RegistrationTestNew status=SUCCESS method=WebDriverTest.RegistrationTestNew(com.mycompany.DataObject.RegistrationData)[pri:0, instance:com.mycompany.test.WebDriverTest@17f6480] output={null}]]]>
              </value>
            </param>
          </params>
          <reporter-output>
          </reporter-output>
        </test-method> <!-- closebrowser -->
        <test-method status="PASS" signature="openbrowser(char)[pri:0, instance:com.mycompany.test.WebDriverTest@17f6480]" name="openbrowser" is-config="true" duration-ms="19157" started-at="2014-10-11T11:33:59Z" finished-at="2014-10-11T11:34:18Z">
          <params>
            <param index="0">
              <value>
                <![CDATA[f]]>
              </value>
            </param>
          </params>
          <reporter-output>
          </reporter-output>
        </test-method> <!-- openbrowser -->
        <test-method status="PASS" signature="RegistrationTestNew(com.mycompany.DataObject.RegistrationData)[pri:0, instance:com.mycompany.test.WebDriverTest@17f6480]" name="RegistrationTestNew" duration-ms="15748" started-at="2014-10-11T11:34:18Z" data-provider="regdata" finished-at="2014-10-11T11:34:34Z">
          <params>
            <param index="0">
              <value>
                <![CDATA[com.mycompany.DataObject.RegistrationData@32215e61]]>
              </value>
            </param>
          </params>
          <reporter-output>
          </reporter-output>
        </test-method> <!-- RegistrationTestNew -->
        <test-method status="PASS" signature="closebrowser(org.testng.ITestResult)[pri:0, instance:com.mycompany.test.WebDriverTest@17f6480]" name="closebrowser" is-config="true" duration-ms="568" started-at="2014-10-11T11:34:34Z" finished-at="2014-10-11T11:34:34Z">
          <params>
            <param index="0">
              <value>
                <![CDATA[[TestResult name=RegistrationTestNew status=SUCCESS method=WebDriverTest.RegistrationTestNew(com.mycompany.DataObject.RegistrationData)[pri:0, instance:com.mycompany.test.WebDriverTest@17f6480] output={null}]]]>
              </value>
            </param>
          </params>
          <reporter-output>
          </reporter-output>
        </test-method> <!-- closebrowser -->
        <test-method status="PASS" signature="openbrowser(char)[pri:0, instance:com.mycompany.test.WebDriverTest@17f6480]" name="openbrowser" is-config="true" duration-ms="21570" started-at="2014-10-11T11:34:34Z" finished-at="2014-10-11T11:34:56Z">
          <params>
            <param index="0">
              <value>
                <![CDATA[f]]>
              </value>
            </param>
          </params>
          <reporter-output>
          </reporter-output>
        </test-method> <!-- openbrowser -->
        <test-method status="FAIL" signature="HardAssertion()[pri:0, instance:com.mycompany.test.WebDriverTest@17f6480]" name="HardAssertion" duration-ms="3049" started-at="2014-10-11T11:34:56Z" finished-at="2014-10-11T11:34:59Z">
          <exception class="java.lang.AssertionError">
            <message>
              <![CDATA[lastname is missing expected [true] but found [false]]]>
            </message>
            <full-stacktrace>
              <![CDATA[java.lang.AssertionError: lastname is missing expected [true] but found [false]
	at org.testng.Assert.fail(Assert.java:94)
	at org.testng.Assert.failNotEquals(Assert.java:494)
	at org.testng.Assert.assertTrue(Assert.java:42)
	at com.mycompany.test.WebDriverTest.HardAssertion(WebDriverTest.java:39)
	at sun.reflect.NativeMethodAccessorImpl.invoke0(Native Method)
	at sun.reflect.NativeMethodAccessorImpl.invoke(Unknown Source)
	at sun.reflect.DelegatingMethodAccessorImpl.invoke(Unknown Source)
	at java.lang.reflect.Method.invoke(Unknown Source)
	at org.testng.internal.MethodInvocationHelper.invokeMethod(MethodInvocationHelper.java:84)
	at org.testng.internal.Invoker.invokeMethod(Invoker.java:714)
	at org.testng.internal.Invoker.invokeTestMethod(Invoker.java:901)
	at org.testng.internal.Invoker.invokeTestMethods(Invoker.java:1231)
	at org.testng.internal.TestMethodWorker.invokeTestMethods(TestMethodWorker.java:127)
	at org.testng.internal.TestMethodWorker.run(TestMethodWorker.java:111)
	at org.testng.TestRunner.privateRun(TestRunner.java:767)
	at org.testng.TestRunner.run(TestRunner.java:617)
	at org.testng.SuiteRunner.runTest(SuiteRunner.java:348)
	at org.testng.SuiteRunner.access$000(SuiteRunner.java:38)
	at org.testng.SuiteRunner$SuiteWorker.run(SuiteRunner.java:382)
	at org.testng.internal.thread.ThreadUtil$2.call(ThreadUtil.java:64)
	at java.util.concurrent.FutureTask.run(Unknown Source)
	at java.util.concurrent.ThreadPoolExecutor.runWorker(Unknown Source)
	at java.util.concurrent.ThreadPoolExecutor$Worker.run(Unknown Source)
	at java.lang.Thread.run(Unknown Source)
]]>
            </full-stacktrace>
          </exception> <!-- java.lang.AssertionError -->
          <reporter-output>
          </reporter-output>
        </test-method> <!-- HardAssertion -->
        <test-method status="PASS" signature="closebrowser(org.testng.ITestResult)[pri:0, instance:com.mycompany.test.WebDriverTest@17f6480]" name="closebrowser" is-config="true" duration-ms="904" started-at="2014-10-11T11:34:59Z" finished-at="2014-10-11T11:35:00Z">
          <params>
            <param index="0">
              <value>
                <![CDATA[[TestResult name=HardAssertion status=FAILURE method=WebDriverTest.HardAssertion()[pri:0, instance:com.mycompany.test.WebDriverTest@17f6480] output={null}]]]>
              </value>
            </param>
          </params>
          <reporter-output>
          </reporter-output>
        </test-method> <!-- closebrowser -->
        <test-method status="PASS" signature="openbrowser(char)[pri:0, instance:com.mycompany.test.WebDriverTest@17f6480]" name="openbrowser" is-config="true" duration-ms="24767" started-at="2014-10-11T11:35:00Z" finished-at="2014-10-11T11:35:25Z">
          <params>
            <param index="0">
              <value>
                <![CDATA[f]]>
              </value>
            </param>
          </params>
          <reporter-output>
          </reporter-output>
        </test-method> <!-- openbrowser -->
        <test-method status="FAIL" signature="softAssertion()[pri:0, instance:com.mycompany.test.WebDriverTest@17f6480]" name="softAssertion" duration-ms="298" started-at="2014-10-11T11:35:25Z" finished-at="2014-10-11T11:35:25Z">
          <exception class="org.openqa.selenium.WebDriverException">
            <message>
              <![CDATA[f.QueryInterface is not a function
Command duration or timeout: 225 milliseconds
Build info: version: '2.43.1', revision: '5163bceef1bc36d43f3dc0b83c88998168a363a0', time: '2014-09-10 09:43:55'
System info: host: 'shwetha', ip: '192.168.0.2', os.name: 'Windows 8', os.arch: 'amd64', os.version: '6.2', java.version: '1.8.0_20'
Driver info: org.openqa.selenium.firefox.FirefoxDriver
Capabilities [{applicationCacheEnabled=true, rotatable=false, handlesAlerts=true, databaseEnabled=true, version=32.0, platform=WINDOWS, nativeEvents=true, acceptSslCerts=true, webStorageEnabled=true, locationContextEnabled=true, browserName=firefox, takesScreenshot=true, javascriptEnabled=true, cssSelectorsEnabled=true}]
Session ID: 271bfcb9-0faf-4b8c-a50b-a0e6a709180b]]>
            </message>
            <full-stacktrace>
              <![CDATA[org.openqa.selenium.WebDriverException: f.QueryInterface is not a function
Command duration or timeout: 225 milliseconds
Build info: version: '2.43.1', revision: '5163bceef1bc36d43f3dc0b83c88998168a363a0', time: '2014-09-10 09:43:55'
System info: host: 'shwetha', ip: '192.168.0.2', os.name: 'Windows 8', os.arch: 'amd64', os.version: '6.2', java.version: '1.8.0_20'
Driver info: org.openqa.selenium.firefox.FirefoxDriver
Capabilities [{applicationCacheEnabled=true, rotatable=false, handlesAlerts=true, databaseEnabled=true, version=32.0, platform=WINDOWS, nativeEvents=true, acceptSslCerts=true, webStorageEnabled=true, locationContextEnabled=true, browserName=firefox, takesScreenshot=true, javascriptEnabled=true, cssSelectorsEnabled=true}]
Session ID: 271bfcb9-0faf-4b8c-a50b-a0e6a709180b
	at sun.reflect.NativeConstructorAccessorImpl.newInstance0(Native Method)
	at sun.reflect.NativeConstructorAccessorImpl.newInstance(Unknown Source)
	at sun.reflect.DelegatingConstructorAccessorImpl.newInstance(Unknown Source)
	at java.lang.reflect.Constructor.newInstance(Unknown Source)
	at org.openqa.selenium.remote.ErrorHandler.createThrowable(ErrorHandler.java:204)
	at org.openqa.selenium.remote.ErrorHandler.throwIfResponseFailed(ErrorHandler.java:156)
	at org.openqa.selenium.remote.RemoteWebDriver.execute(RemoteWebDriver.java:599)
	at org.openqa.selenium.remote.RemoteWebDriver.get(RemoteWebDriver.java:304)
	at com.mycompany.test.WebDriverTest.softAssertion(WebDriverTest.java:44)
	at sun.reflect.NativeMethodAccessorImpl.invoke0(Native Method)
	at sun.reflect.NativeMethodAccessorImpl.invoke(Unknown Source)
	at sun.reflect.DelegatingMethodAccessorImpl.invoke(Unknown Source)
	at java.lang.reflect.Method.invoke(Unknown Source)
	at org.testng.internal.MethodInvocationHelper.invokeMethod(MethodInvocationHelper.java:84)
	at org.testng.internal.Invoker.invokeMethod(Invoker.java:714)
	at org.testng.internal.Invoker.invokeTestMethod(Invoker.java:901)
	at org.testng.internal.Invoker.invokeTestMethods(Invoker.java:1231)
	at org.testng.internal.TestMethodWorker.invokeTestMethods(TestMethodWorker.java:127)
	at org.testng.internal.TestMethodWorker.run(TestMethodWorker.java:111)
	at org.testng.TestRunner.privateRun(TestRunner.java:767)
	at org.testng.TestRunner.run(TestRunner.java:617)
	at org.testng.SuiteRunner.runTest(SuiteRunner.java:348)
	at org.testng.SuiteRunner.access$000(SuiteRunner.java:38)
	at org.testng.SuiteRunner$SuiteWorker.run(SuiteRunner.java:382)
	at org.testng.internal.thread.ThreadUtil$2.call(ThreadUtil.java:64)
	at java.util.concurrent.FutureTask.run(Unknown Source)
	at java.util.concurrent.ThreadPoolExecutor.runWorker(Unknown Source)
	at java.util.concurrent.ThreadPoolExecutor$Worker.run(Unknown Source)
	at java.lang.Thread.run(Unknown Source)
Caused by: org.openqa.selenium.WebDriverException: f.QueryInterface is not a function
Build info: version: '2.43.1', revision: '5163bceef1bc36d43f3dc0b83c88998168a363a0', time: '2014-09-10 09:43:55'
System info: host: 'shwetha', ip: '192.168.0.2', os.name: 'Windows 8', os.arch: 'amd64', os.version: '6.2', java.version: '1.8.0_20'
Driver info: driver.version: unknown
	at <anonymous class>.FirefoxDriver.prototype.get(file:///C:/Users/SHWETH~1/AppData/Local/Temp/anonymous2765076476150747469webdriver-profile/extensions/fxdriver@googlecode.com/components/driver-component.js:9481:9)
	at <anonymous class>.DelayedCommand.prototype.executeInternal_/h(file:///C:/Users/SHWETH~1/AppData/Local/Temp/anonymous2765076476150747469webdriver-profile/extensions/fxdriver@googlecode.com/components/command-processor.js:11612:16)
	at <anonymous class>.DelayedCommand.prototype.executeInternal_(file:///C:/Users/SHWETH~1/AppData/Local/Temp/anonymous2765076476150747469webdriver-profile/extensions/fxdriver@googlecode.com/components/command-processor.js:11617:7)
	at <anonymous class>.DelayedCommand.prototype.execute/<(file:///C:/Users/SHWETH~1/AppData/Local/Temp/anonymous2765076476150747469webdriver-profile/extensions/fxdriver@googlecode.com/components/command-processor.js:11559:5)
]]>
            </full-stacktrace>
          </exception> <!-- org.openqa.selenium.WebDriverException -->
          <reporter-output>
          </reporter-output>
        </test-method> <!-- softAssertion -->
        <test-method status="PASS" signature="closebrowser(org.testng.ITestResult)[pri:0, instance:com.mycompany.test.WebDriverTest@17f6480]" name="closebrowser" is-config="true" duration-ms="810" started-at="2014-10-11T11:35:25Z" finished-at="2014-10-11T11:35:26Z">
          <params>
            <param index="0">
              <value>
                <![CDATA[[TestResult name=softAssertion status=FAILURE method=WebDriverTest.softAssertion()[pri:0, instance:com.mycompany.test.WebDriverTest@17f6480] output={null}]]]>
              </value>
            </param>
          </params>
          <reporter-output>
          </reporter-output>
        </test-method> <!-- closebrowser -->
        <test-method status="PASS" signature="openbrowser(char)[pri:0, instance:com.mycompany.test.WebDriverTest@17f6480]" name="openbrowser" is-config="true" duration-ms="21066" started-at="2014-10-11T11:35:26Z" finished-at="2014-10-11T11:35:47Z">
          <params>
            <param index="0">
              <value>
                <![CDATA[f]]>
              </value>
            </param>
          </params>
          <reporter-output>
          </reporter-output>
        </test-method> <!-- openbrowser -->
        <test-method status="PASS" signature="customSoftAssertion()[pri:0, instance:com.mycompany.test.WebDriverTest@17f6480]" name="customSoftAssertion" duration-ms="138" started-at="2014-10-11T11:35:47Z" finished-at="2014-10-11T11:35:47Z">
          <reporter-output>
            <line>
              <![CDATA[lastname is missing<br>]]>
            </line>
            <line>
              <![CDATA[first name is missing<br>]]>
            </line>
            <line>
              <![CDATA[Phone field is missing<br>]]>
            </line>
          </reporter-output>
        </test-method> <!-- customSoftAssertion -->
        <test-method status="PASS" signature="closebrowser(org.testng.ITestResult)[pri:0, instance:com.mycompany.test.WebDriverTest@17f6480]" name="closebrowser" is-config="true" duration-ms="568" started-at="2014-10-11T11:35:47Z" finished-at="2014-10-11T11:35:47Z">
          <params>
            <param index="0">
              <value>
                <![CDATA[[TestResult name=customSoftAssertion status=SUCCESS method=WebDriverTest.customSoftAssertion()[pri:0, instance:com.mycompany.test.WebDriverTest@17f6480] output=lastname is missing<br>]]]>
              </value>
            </param>
          </params>
          <reporter-output>
          </reporter-output>
        </test-method> <!-- closebrowser -->
      </class> <!-- com.mycompany.test.WebDriverTest -->
    </test> <!-- Wiki in firefox -->
  </suite> <!-- Wikipidea Test -->
</testng-results>
